<?xml version="1.0" encoding="UTF-8"?>
<testng-results skipped="0" failed="0" ignored="0" total="2" passed="2">
  <reporter-output>
  </reporter-output>
  <suite name="Default suite" duration-ms="92" started-at="2021-01-12T10:40:43Z" finished-at="2021-01-12T10:40:43Z">
    <groups>
    </groups>
    <test name="Default test" duration-ms="92" started-at="2021-01-12T10:40:43Z" finished-at="2021-01-12T10:40:43Z">
      <class name="com.qhl.unitTest.Test2">
        <test-method status="PASS" signature="test1()[pri:0, instance:com.qhl.unitTest.Test2@16257f8c]" name="test1" duration-ms="41" started-at="2021-01-12T10:40:43Z" finished-at="2021-01-12T10:40:43Z">
          <reporter-output>
          </reporter-output>
        </test-method> <!-- test1 -->
        <test-method status="PASS" signature="test2()[pri:0, instance:com.qhl.unitTest.Test2@16257f8c]" name="test2" duration-ms="11" started-at="2021-01-12T10:40:43Z" finished-at="2021-01-12T10:40:43Z">
          <reporter-output>
          </reporter-output>
        </test-method> <!-- test2 -->
      </class> <!-- com.qhl.unitTest.Test2 -->
    </test> <!-- Default test -->
  </suite> <!-- Default suite -->
</testng-results>
